<?xml version="1.0" encoding="utf-8"?><testsuites name="pytest tests"><testsuite name="pytest" errors="0" failures="0" skipped="0" tests="4" time="16.853" timestamp="2026-08-15T19:12:08.619543+00:00" hostname="agent-env-8e5587bd-b98d-4e15-abea-3637c48d358e"><testcase classname="tests.test_ai_search_conversational" name="test_ai_search_requires_auth" time="0.159" /><testcase classname="tests.test_ai_search_conversational" name="test_ai_search_first_turn" time="9.750" /><testcase classname="tests.test_ai_search_conversational" name="test_ai_search_multi_turn" time="6.751" /><testcase classname="tests.test_ai_search_conversational" name="test_ai_search_empty_query" time="0.143" /></testsuite></testsuites>