<?xml version="1.0" encoding="utf-8"?><testsuites name="pytest tests"><testsuite name="pytest" errors="0" failures="0" skipped="0" tests="8" time="4.516" timestamp="2026-08-16T10:12:17.056247+00:00" hostname="agent-env-8e5587bd-b98d-4e15-abea-3637c48d358e"><testcase classname="tests.test_applicant_scores.TestApplicantScores" name="test_requires_auth" time="0.277" /><testcase classname="tests.test_applicant_scores.TestApplicantScores" name="test_forbidden_for_candidate" time="1.899" /><testcase classname="tests.test_applicant_scores.TestApplicantScores" name="test_404_unknown_job" time="0.046" /><testcase classname="tests.test_applicant_scores.TestApplicantScores" name="test_empty_when_no_applications" time="0.130" /><testcase classname="tests.test_applicant_scores.TestApplicantScores" name="test_scores_shape" time="1.001" /><testcase classname="tests.test_applicant_scores.TestJobSuggestions" name="test_requires_admin" time="0.049" /><testcase classname="tests.test_applicant_scores.TestJobSuggestions" name="test_404_unknown_job" time="0.042" /><testcase classname="tests.test_applicant_scores.TestJobSuggestions" name="test_suggestions_shape" time="1.013" /></testsuite></testsuites>