<?xml version="1.0" encoding="utf-8"?><testsuites name="pytest tests"><testsuite name="pytest" errors="0" failures="0" skipped="1" tests="8" time="9.225" timestamp="2026-08-16T09:26:02.401208+00:00" hostname="agent-env-8e5587bd-b98d-4e15-abea-3637c48d358e"><testcase classname="tests.test_cv_scan.TestCvScanAuth" name="test_status_requires_auth" time="0.229" /><testcase classname="tests.test_cv_scan.TestCvScanAuth" name="test_all_requires_auth" time="0.228" /><testcase classname="tests.test_cv_scan.TestCvScanPerUser" name="test_rescan_scanned_user" time="7.845" /><testcase classname="tests.test_cv_scan.TestCvScanAuth" name="test_candidate_forbidden" time="0.985"><skipped type="pytest.skip" message="No candidate test user available">/app/backend/tests/test_cv_scan.py:70: No candidate test user available</skipped></testcase><testcase classname="tests.test_cv_scan.TestCvScanAll" name="test_start_batch" time="1.116" /><testcase classname="tests.test_cv_scan.TestAiSearch" name="test_ai_search_returns_reasons" time="6.271" /><testcase classname="tests.test_cv_scan.TestCvScanPerUser" name="test_scan_nonexistent_user" time="0.136" /><testcase classname="tests.test_cv_scan.TestCvScanStatus" name="test_status_shape" time="0.141" /></testsuite></testsuites>