<?xml version="1.0" encoding="utf-8"?><testsuites name="pytest tests"><testsuite name="pytest" errors="0" failures="0" skipped="0" tests="12" time="11.801" timestamp="2026-09-01T17:19:56.868527+00:00" hostname="agent-env-8e5587bd-b98d-4e15-abea-3637c48d358e"><testcase classname="tests.test_iter32_security" name="test_users_list_requires_admin" time="1.397" /><testcase classname="tests.test_iter32_security" name="test_users_get_requires_admin" time="0.301" /><testcase classname="tests.test_iter32_security" name="test_delete_user_requires_admin" time="0.296" /><testcase classname="tests.test_iter32_security" name="test_put_status_requires_admin" time="0.343" /><testcase classname="tests.test_iter32_security" name="test_put_review_requires_admin" time="0.315" /><testcase classname="tests.test_iter32_security" name="test_put_status_valid_transitions" time="2.951" /><testcase classname="tests.test_iter32_security" name="test_put_status_invalid" time="0.168" /><testcase classname="tests.test_iter32_security" name="test_put_review_persists" time="0.137" /><testcase classname="tests.test_iter32_security" name="test_put_interview_note_requires_done_status" time="0.839" /><testcase classname="tests.test_iter32_security" name="test_public_photo_inline_and_nosniff" time="0.830" /><testcase classname="tests.test_iter32_security" name="test_private_cv_headers_and_acl" time="2.722" /><testcase classname="tests.test_iter32_security" name="test_delete_my_account_purges" time="1.427" /></testsuite></testsuites>