<?xml version="1.0" encoding="utf-8"?><testsuites name="pytest tests"><testsuite name="pytest" errors="0" failures="0" skipped="1" tests="9" time="21.769" timestamp="2026-08-11T09:24:16.492720+00:00" hostname="agent-env-8e5587bd-b98d-4e15-abea-3637c48d358e"><testcase classname="tests.test_new_features_iteration16.TestChatUnread" name="test_candidate_chat_unread_shape" time="0.965" /><testcase classname="tests.test_new_features_iteration16.TestSuggestions" name="test_admin_suggestions_sorted_by_score" time="14.869" /><testcase classname="tests.test_new_features_iteration16.TestSuggestions" name="test_suggestions_forbidden_for_candidate" time="0.221" /><testcase classname="tests.test_new_features_iteration16.TestSuggestions" name="test_suggestions_unauth" time="0.191" /><testcase classname="tests.test_new_features_iteration16.TestRecordingsShare" name="test_shared_endpoint_requires_admin" time="0.093" /><testcase classname="tests.test_new_features_iteration16.TestRecordingsShare" name="test_shared_endpoint_forbidden_candidate" time="0.131" /><testcase classname="tests.test_new_features_iteration16.TestRecordingsShare" name="test_shared_endpoint_admin_404_for_bogus_token" time="0.094" /><testcase classname="tests.test_new_features_iteration16.TestRecordingsShare" name="test_share_recording_if_any" time="0.093"><skipped type="pytest.skip" message="No recordings to share">/app/backend/tests/test_new_features_iteration16.py:136: No recordings to share</skipped></testcase><testcase classname="tests.test_new_features_iteration16.TestApplicationScreening" name="test_application_response_has_screening_questions_when_new" time="5.055" /></testsuite></testsuites>