<?xml version="1.0" encoding="utf-8"?><testsuites name="pytest tests"><testsuite name="pytest" errors="0" failures="0" skipped="0" tests="17" time="15.269" timestamp="2026-09-01T17:27:22.222044+00:00" hostname="agent-env-8e5587bd-b98d-4e15-abea-3637c48d358e"><testcase classname="tests.test_iter32_security" name="test_users_list_requires_admin" time="1.471" /><testcase classname="tests.test_iter32_security" name="test_users_get_requires_admin" time="0.391" /><testcase classname="tests.test_iter32_security" name="test_delete_user_requires_admin" time="0.336" /><testcase classname="tests.test_iter32_security" name="test_put_status_requires_admin" time="0.308" /><testcase classname="tests.test_iter32_security" name="test_put_review_requires_admin" time="0.360" /><testcase classname="tests.test_iter32_security" name="test_put_status_valid_transitions" time="2.741" /><testcase classname="tests.test_iter32_security" name="test_put_status_invalid" time="0.187" /><testcase classname="tests.test_iter32_security" name="test_put_review_persists" time="0.202" /><testcase classname="tests.test_iter32_security" name="test_put_interview_note_requires_done_status" time="0.696" /><testcase classname="tests.test_iter32_security" name="test_public_photo_inline_and_nosniff" time="0.775" /><testcase classname="tests.test_iter32_security" name="test_private_cv_headers_and_acl" time="2.558" /><testcase classname="tests.test_iter32_security" name="test_delete_my_account_purges" time="1.293" /><testcase classname="tests.test_iter32_security" name="test_cv_upload_rejects_non_pdf" time="0.179" /><testcase classname="tests.test_iter32_security" name="test_cv_upload_rejects_html" time="0.268" /><testcase classname="tests.test_iter32_security" name="test_cv_upload_accepts_pdf" time="1.133" /><testcase classname="tests.test_iter32_security" name="test_admin_delete_user_purges_applications" time="1.864" /><testcase classname="tests.test_iter32_security" name="test_admin_cannot_delete_super_admin" time="0.421" /></testsuite></testsuites>