<?xml version="1.0" encoding="utf-8"?><testsuites name="pytest tests"><testsuite name="pytest" errors="0" failures="0" skipped="0" tests="6" time="3.581" timestamp="2026-09-01T16:53:08.852226+00:00" hostname="agent-env-8e5587bd-b98d-4e15-abea-3637c48d358e"><testcase classname="tests.test_lot2_features" name="test_users_list_has_new_fields" time="1.346" /><testcase classname="tests.test_lot2_features" name="test_jobs_all_endpoint" time="0.184" /><testcase classname="tests.test_lot2_features" name="test_admin_create_application_and_verify" time="1.388" /><testcase classname="tests.test_lot2_features" name="test_admin_create_invalid_status" time="0.250" /><testcase classname="tests.test_lot2_features" name="test_admin_create_unknown_ids" time="0.244" /><testcase classname="tests.test_lot2_features" name="test_admin_create_requires_auth" time="0.114" /></testsuite></testsuites>