<?xml version="1.0" encoding="utf-8"?><testsuites name="pytest tests"><testsuite name="pytest" errors="5" failures="0" skipped="0" tests="6" time="6.031" timestamp="2026-08-11T02:23:19.384412+00:00" hostname="agent-env-8e5587bd-b98d-4e15-abea-3637c48d358e"><testcase classname="tests.test_phase_bc.TestPhaseC_ScheduleOnAccept" name="test_end_to_end_accept_schedule_notify" time="5.658" /><testcase classname="tests.test_phase_bc.TestPhaseB_Appreciation" name="test_users_list_returns_rating_fields" time="2.676"><error message="failed on setup with &quot;AssertionError: verify-otp failed: 400 {&quot;detail&quot;:&quot;Aucun code en attente. Reconnectez-vous.&quot;}&#10;assert 400 == 200&#10; +  where 400 = &lt;Response [400]&gt;.status_code&quot;">test_phase_bc.py:26: in admin_headers
    tok = full_login(ADMIN_EMAIL, ADMIN_PASSWORD)
          ^^^^^^^^^^^^^^^^^^^^^^^^^^^^^^^^^^^^^^^
backend_test.py:89: in full_login
    assert r2.status_code == 200, f"verify-otp failed: {r2.status_code} {r2.text}"
E   AssertionError: verify-otp failed: 400 {"detail":"Aucun code en attente. Reconnectez-vous."}
E   assert 400 == 200
E    +  where 400 = &lt;Response [400]&gt;.status_code</error></testcase><testcase classname="tests.test_phase_bc.TestPhaseB_Appreciation" name="test_min_rating_filter" time="0.000"><error message="failed on setup with &quot;AssertionError: verify-otp failed: 400 {&quot;detail&quot;:&quot;Aucun code en attente. Reconnectez-vous.&quot;}&#10;assert 400 == 200&#10; +  where 400 = &lt;Response [400]&gt;.status_code&quot;">test_phase_bc.py:26: in admin_headers
    tok = full_login(ADMIN_EMAIL, ADMIN_PASSWORD)
          ^^^^^^^^^^^^^^^^^^^^^^^^^^^^^^^^^^^^^^^
backend_test.py:89: in full_login
    assert r2.status_code == 200, f"verify-otp failed: {r2.status_code} {r2.text}"
E   AssertionError: verify-otp failed: 400 {"detail":"Aucun code en attente. Reconnectez-vous."}
E   assert 400 == 200
E    +  where 400 = &lt;Response [400]&gt;.status_code</error></testcase><testcase classname="tests.test_phase_bc.TestPhaseB_Appreciation" name="test_min_rating_5_subset_of_4" time="0.000"><error message="failed on setup with &quot;AssertionError: verify-otp failed: 400 {&quot;detail&quot;:&quot;Aucun code en attente. Reconnectez-vous.&quot;}&#10;assert 400 == 200&#10; +  where 400 = &lt;Response [400]&gt;.status_code&quot;">test_phase_bc.py:26: in admin_headers
    tok = full_login(ADMIN_EMAIL, ADMIN_PASSWORD)
          ^^^^^^^^^^^^^^^^^^^^^^^^^^^^^^^^^^^^^^^
backend_test.py:89: in full_login
    assert r2.status_code == 200, f"verify-otp failed: {r2.status_code} {r2.text}"
E   AssertionError: verify-otp failed: 400 {"detail":"Aucun code en attente. Reconnectez-vous."}
E   assert 400 == 200
E    +  where 400 = &lt;Response [400]&gt;.status_code</error></testcase><testcase classname="tests.test_phase_bc.TestPhaseB_Appreciation" name="test_candidates_list_also_returns_rating" time="0.001"><error message="failed on setup with &quot;AssertionError: verify-otp failed: 400 {&quot;detail&quot;:&quot;Aucun code en attente. Reconnectez-vous.&quot;}&#10;assert 400 == 200&#10; +  where 400 = &lt;Response [400]&gt;.status_code&quot;">test_phase_bc.py:26: in admin_headers
    tok = full_login(ADMIN_EMAIL, ADMIN_PASSWORD)
          ^^^^^^^^^^^^^^^^^^^^^^^^^^^^^^^^^^^^^^^
backend_test.py:89: in full_login
    assert r2.status_code == 200, f"verify-otp failed: {r2.status_code} {r2.text}"
E   AssertionError: verify-otp failed: 400 {"detail":"Aucun code en attente. Reconnectez-vous."}
E   assert 400 == 200
E    +  where 400 = &lt;Response [400]&gt;.status_code</error></testcase><testcase classname="tests.test_phase_bc.TestPhaseB_Appreciation" name="test_rating_average_matches_review" time="0.000"><error message="failed on setup with &quot;AssertionError: verify-otp failed: 400 {&quot;detail&quot;:&quot;Aucun code en attente. Reconnectez-vous.&quot;}&#10;assert 400 == 200&#10; +  where 400 = &lt;Response [400]&gt;.status_code&quot;">test_phase_bc.py:26: in admin_headers
    tok = full_login(ADMIN_EMAIL, ADMIN_PASSWORD)
          ^^^^^^^^^^^^^^^^^^^^^^^^^^^^^^^^^^^^^^^
backend_test.py:89: in full_login
    assert r2.status_code == 200, f"verify-otp failed: {r2.status_code} {r2.text}"
E   AssertionError: verify-otp failed: 400 {"detail":"Aucun code en attente. Reconnectez-vous."}
E   assert 400 == 200
E    +  where 400 = &lt;Response [400]&gt;.status_code</error></testcase></testsuite></testsuites>