<?xml version="1.0" encoding="utf-8"?><testsuites name="pytest tests"><testsuite name="pytest" errors="0" failures="0" skipped="0" tests="12" time="10.552" timestamp="2026-08-11T02:48:46.395124+00:00" hostname="agent-env-8e5587bd-b98d-4e15-abea-3637c48d358e"><testcase classname="tests.test_phase_e_calls_recordings.TestCalls" name="test_admin_start_call_creates_ringing" time="2.846" /><testcase classname="tests.test_phase_e_calls_recordings.TestCalls" name="test_candidate_gets_incoming" time="0.130" /><testcase classname="tests.test_phase_e_calls_recordings.TestCalls" name="test_accept_call" time="0.104" /><testcase classname="tests.test_phase_e_calls_recordings.TestCalls" name="test_incoming_empty_after_accept" time="0.097" /><testcase classname="tests.test_phase_e_calls_recordings.TestCalls" name="test_start_call_unknown_callee_404" time="0.092" /><testcase classname="tests.test_phase_e_calls_recordings.TestCalls" name="test_invalid_status_400" time="0.297" /><testcase classname="tests.test_phase_e_calls_recordings.TestRecordings" name="test_upload_recording_and_process" time="3.935" /><testcase classname="tests.test_phase_e_calls_recordings.TestRecordings" name="test_video_file_retrievable" time="0.359" /><testcase classname="tests.test_phase_e_calls_recordings.TestRecordings" name="test_list_recordings_contains_new" time="0.103" /><testcase classname="tests.test_phase_e_calls_recordings.TestRecordings" name="test_recording_reaches_done" time="2.236" /><testcase classname="tests.test_phase_e_calls_recordings.TestRecordings" name="test_delete_recording" time="0.199" /><testcase classname="tests.test_phase_e_calls_recordings.TestRecordings" name="test_recordings_requires_admin" time="0.095" /></testsuite></testsuites>