<?xml version="1.0" encoding="utf-8"?><testsuites name="pytest tests"><testsuite name="pytest" errors="0" failures="0" skipped="0" tests="41" time="25.079" timestamp="2026-08-09T21:44:45.936349+00:00" hostname="agent-env-8e5587bd-b98d-4e15-abea-3637c48d358e"><testcase classname="tests.backend_test.TestContracts" name="test_create_contract" time="2.924" /><testcase classname="tests.backend_test.TestCandidateProfile" name="test_get_profile_returns_fields" time="2.868" /><testcase classname="tests.backend_test.TestCandidateProfile" name="test_put_profile_sets_completed_true" time="1.192" /><testcase classname="tests.backend_test.TestContracts" name="test_create_contract_invalid_status" time="0.272" /><testcase classname="tests.backend_test.TestContracts" name="test_list_contracts" time="0.549" /><testcase classname="tests.backend_test.TestContracts" name="test_filter_contracts" time="0.183" /><testcase classname="tests.backend_test.TestContracts" name="test_update_contract" time="0.133" /><testcase classname="tests.backend_test.TestCandidateProfile" name="test_put_profile_partial_keeps_incomplete" time="1.800" /><testcase classname="tests.backend_test.TestContracts" name="test_delete_contract" time="0.319" /><testcase classname="tests.backend_test.TestCandidateProfile" name="test_jobs_prioritisation_for_tech_candidate" time="1.320" /><testcase classname="tests.backend_test.TestContracts" name="test_contracts_forbidden_for_candidate" time="2.470" /><testcase classname="tests.backend_test.TestNewFeatures" name="test_admin_notif_on_new_application" time="1.398" /><testcase classname="tests.backend_test.TestCandidateProfile" name="test_anti_double_application" time="7.770" /><testcase classname="tests.backend_test.TestNewFeatures" name="test_admin_notif_on_candidate_message" time="0.528" /><testcase classname="tests.backend_test.TestNewFeatures" name="test_interview_with_candidate_id_and_me_endpoint" time="0.895" /><testcase classname="tests.backend_test.TestNewFeatures" name="test_interviews_me_only_returns_own" time="0.310" /><testcase classname="tests.backend_test.TestNewFeatures" name="test_cron_interview_reminders_auth" time="0.384" /><testcase classname="tests.backend_test.TestProfileEnrichment" name="test_get_user_detail_shape" time="1.121" /><testcase classname="tests.backend_test.TestProfileEnrichment" name="test_get_user_detail_404" time="0.097" /><testcase classname="tests.backend_test.TestProfileEnrichment" name="test_get_user_detail_requires_admin" time="0.207" /><testcase classname="tests.backend_test.TestProfileEnrichment" name="test_applications_include_candidate_picture_field" time="0.104" /><testcase classname="tests.backend_test.TestProfileEnrichment" name="test_chat_conversations_include_picture_field" time="0.102" /><testcase classname="tests.backend_test.TestInterviews" name="test_create_interview" time="0.118" /><testcase classname="tests.backend_test.TestInterviews" name="test_list_interviews" time="0.102" /><testcase classname="tests.backend_test.TestInterviews" name="test_update_interview" time="0.103" /><testcase classname="tests.backend_test.TestInterviews" name="test_delete_interview" time="0.102" /><testcase classname="tests.backend_test.TestExports" name="test_export_applications" time="0.101" /><testcase classname="tests.backend_test.TestExports" name="test_export_contracts" time="0.096" /><testcase classname="tests.backend_test.TestExports" name="test_export_forbidden_without_auth" time="0.099" /><testcase classname="tests.backend_test.TestCaptcha" name="test_captcha_endpoint" time="0.331" /><testcase classname="tests.backend_test.TestCaptcha" name="test_login_wrong_captcha" time="0.642" /><testcase classname="tests.backend_test.TestAdminLogin" name="test_admin_full_flow" time="0.105" /><testcase classname="tests.backend_test.TestAdminLogin" name="test_admin_no_code_field_needed" time="1.464" /><testcase classname="tests.backend_test.TestRegister" name="test_register_strong" time="1.440" /><testcase classname="tests.backend_test.TestRegister" name="test_register_weak_password_rejected" time="0.946" /><testcase classname="tests.backend_test.TestCandidateProfile" name="test_contracts_me_only_own" time="5.009" /><testcase classname="tests.backend_test.TestStats" name="test_admin_stats_has_widgets" time="0.107" /><testcase classname="tests.backend_test.TestApplicationReview" name="test_review_and_status_flow" time="2.043" /><testcase classname="tests.backend_test.TestNotifications" name="test_candidate_notifications_created_on_status_change" time="1.025" /><testcase classname="tests.backend_test.TestCandidateProfile" name="test_interviews_me_only_own" time="1.272" /><testcase classname="tests.backend_test.TestForgotReset" name="test_forgot_reset_flow" time="3.352" /></testsuite></testsuites>