<?xml version="1.0" encoding="utf-8"?><testsuites name="pytest tests"><testsuite name="pytest" errors="0" failures="0" skipped="0" tests="24" time="14.148" timestamp="2026-08-08T20:40:43.144942+00:00" hostname="agent-env-8e5587bd-b98d-4e15-abea-3637c48d358e"><testcase classname="tests.backend_test.TestCaptcha" name="test_captcha_endpoint" time="0.489" /><testcase classname="tests.backend_test.TestCaptcha" name="test_login_wrong_captcha" time="0.727" /><testcase classname="tests.backend_test.TestAdminLogin" name="test_admin_full_flow" time="1.910" /><testcase classname="tests.backend_test.TestAdminLogin" name="test_admin_wrong_admin_code_blocks" time="0.878" /><testcase classname="tests.backend_test.TestAdminLogin" name="test_admin_missing_admin_code_blocks" time="0.919" /><testcase classname="tests.backend_test.TestRegister" name="test_register_strong" time="0.886" /><testcase classname="tests.backend_test.TestRegister" name="test_register_weak_password_rejected" time="0.641" /><testcase classname="tests.backend_test.TestForgotReset" name="test_forgot_reset_flow" time="3.381" /><testcase classname="tests.backend_test.TestContracts" name="test_create_contract" time="0.101" /><testcase classname="tests.backend_test.TestContracts" name="test_create_contract_invalid_status" time="0.104" /><testcase classname="tests.backend_test.TestContracts" name="test_list_contracts" time="0.094" /><testcase classname="tests.backend_test.TestContracts" name="test_filter_contracts" time="0.093" /><testcase classname="tests.backend_test.TestContracts" name="test_update_contract" time="0.100" /><testcase classname="tests.backend_test.TestContracts" name="test_delete_contract" time="0.118" /><testcase classname="tests.backend_test.TestContracts" name="test_contracts_forbidden_for_candidate" time="1.622" /><testcase classname="tests.backend_test.TestInterviews" name="test_create_interview" time="0.110" /><testcase classname="tests.backend_test.TestInterviews" name="test_list_interviews" time="0.101" /><testcase classname="tests.backend_test.TestInterviews" name="test_update_interview" time="0.092" /><testcase classname="tests.backend_test.TestInterviews" name="test_delete_interview" time="0.099" /><testcase classname="tests.backend_test.TestStats" name="test_admin_stats_has_widgets" time="0.110" /><testcase classname="tests.backend_test.TestExports" name="test_export_applications" time="0.097" /><testcase classname="tests.backend_test.TestExports" name="test_export_contracts" time="0.104" /><testcase classname="tests.backend_test.TestExports" name="test_export_forbidden_without_auth" time="0.097" /><testcase classname="tests.backend_test.TestApplicationReview" name="test_review_and_status_flow" time="1.178" /></testsuite></testsuites>