<?xml version="1.0" encoding="utf-8"?><testsuites name="pytest tests"><testsuite name="pytest" errors="0" failures="0" skipped="0" tests="24" time="13.299" timestamp="2026-08-08T21:52:41.701829+00:00" hostname="agent-env-8e5587bd-b98d-4e15-abea-3637c48d358e"><testcase classname="tests.backend_test.TestCaptcha" name="test_captcha_endpoint" time="0.349" /><testcase classname="tests.backend_test.TestCaptcha" name="test_login_wrong_captcha" time="0.648" /><testcase classname="tests.backend_test.TestAdminLogin" name="test_admin_full_flow" time="1.746" /><testcase classname="tests.backend_test.TestAdminLogin" name="test_admin_no_code_field_needed" time="1.275" /><testcase classname="tests.backend_test.TestRegister" name="test_register_strong" time="0.877" /><testcase classname="tests.backend_test.TestRegister" name="test_register_weak_password_rejected" time="0.659" /><testcase classname="tests.backend_test.TestForgotReset" name="test_forgot_reset_flow" time="3.419" /><testcase classname="tests.backend_test.TestContracts" name="test_create_contract" time="0.106" /><testcase classname="tests.backend_test.TestContracts" name="test_create_contract_invalid_status" time="0.116" /><testcase classname="tests.backend_test.TestContracts" name="test_list_contracts" time="0.098" /><testcase classname="tests.backend_test.TestContracts" name="test_filter_contracts" time="0.098" /><testcase classname="tests.backend_test.TestContracts" name="test_update_contract" time="0.098" /><testcase classname="tests.backend_test.TestContracts" name="test_delete_contract" time="0.118" /><testcase classname="tests.backend_test.TestContracts" name="test_contracts_forbidden_for_candidate" time="1.627" /><testcase classname="tests.backend_test.TestInterviews" name="test_create_interview" time="0.110" /><testcase classname="tests.backend_test.TestInterviews" name="test_list_interviews" time="0.099" /><testcase classname="tests.backend_test.TestInterviews" name="test_update_interview" time="0.095" /><testcase classname="tests.backend_test.TestInterviews" name="test_delete_interview" time="0.101" /><testcase classname="tests.backend_test.TestStats" name="test_admin_stats_has_widgets" time="0.108" /><testcase classname="tests.backend_test.TestExports" name="test_export_applications" time="0.099" /><testcase classname="tests.backend_test.TestExports" name="test_export_contracts" time="0.088" /><testcase classname="tests.backend_test.TestExports" name="test_export_forbidden_without_auth" time="0.100" /><testcase classname="tests.backend_test.TestApplicationReview" name="test_review_and_status_flow" time="0.693" /><testcase classname="tests.backend_test.TestNotifications" name="test_candidate_notifications_created_on_status_change" time="0.512" /></testsuite></testsuites>