<?xml version="1.0" encoding="utf-8"?><testsuites name="pytest tests"><testsuite name="pytest" errors="0" failures="0" skipped="0" tests="36" time="55.010" timestamp="2026-08-09T19:23:24.136668+00:00" hostname="agent-env-8e5587bd-b98d-4e15-abea-3637c48d358e"><testcase classname="tests.backend_test.TestCaptcha" name="test_captcha_endpoint" time="0.430" /><testcase classname="tests.backend_test.TestCaptcha" name="test_login_wrong_captcha" time="0.637" /><testcase classname="tests.backend_test.TestAdminLogin" name="test_admin_full_flow" time="1.735" /><testcase classname="tests.backend_test.TestAdminLogin" name="test_admin_no_code_field_needed" time="1.244" /><testcase classname="tests.backend_test.TestRegister" name="test_register_strong" time="0.859" /><testcase classname="tests.backend_test.TestRegister" name="test_register_weak_password_rejected" time="0.647" /><testcase classname="tests.backend_test.TestForgotReset" name="test_forgot_reset_flow" time="3.332" /><testcase classname="tests.backend_test.TestContracts" name="test_create_contract" time="0.096" /><testcase classname="tests.backend_test.TestContracts" name="test_create_contract_invalid_status" time="0.095" /><testcase classname="tests.backend_test.TestContracts" name="test_list_contracts" time="0.096" /><testcase classname="tests.backend_test.TestContracts" name="test_filter_contracts" time="0.100" /><testcase classname="tests.backend_test.TestContracts" name="test_update_contract" time="0.095" /><testcase classname="tests.backend_test.TestContracts" name="test_delete_contract" time="0.095" /><testcase classname="tests.backend_test.TestContracts" name="test_contracts_forbidden_for_candidate" time="1.622" /><testcase classname="tests.backend_test.TestInterviews" name="test_create_interview" time="0.103" /><testcase classname="tests.backend_test.TestInterviews" name="test_list_interviews" time="0.094" /><testcase classname="tests.backend_test.TestInterviews" name="test_update_interview" time="0.101" /><testcase classname="tests.backend_test.TestInterviews" name="test_delete_interview" time="0.103" /><testcase classname="tests.backend_test.TestStats" name="test_admin_stats_has_widgets" time="0.099" /><testcase classname="tests.backend_test.TestExports" name="test_export_applications" time="0.097" /><testcase classname="tests.backend_test.TestExports" name="test_export_contracts" time="0.103" /><testcase classname="tests.backend_test.TestExports" name="test_export_forbidden_without_auth" time="0.103" /><testcase classname="tests.backend_test.TestApplicationReview" name="test_review_and_status_flow" time="0.636" /><testcase classname="tests.backend_test.TestNewFeatures" name="test_admin_notif_on_new_application" time="0.894" /><testcase classname="tests.backend_test.TestNewFeatures" name="test_admin_notif_on_candidate_message" time="0.305" /><testcase classname="tests.backend_test.TestNewFeatures" name="test_interview_with_candidate_id_and_me_endpoint" time="0.782" /><testcase classname="tests.backend_test.TestNewFeatures" name="test_interviews_me_only_returns_own" time="0.297" /><testcase classname="tests.backend_test.TestNewFeatures" name="test_cron_interview_reminders_auth" time="0.276" /><testcase classname="tests.backend_test.TestNotifications" name="test_candidate_notifications_created_on_status_change" time="0.378" /><testcase classname="tests.backend_test.TestCandidateProfile" name="test_get_profile_returns_fields" time="0.132" /><testcase classname="tests.backend_test.TestCandidateProfile" name="test_put_profile_sets_completed_true" time="1.191" /><testcase classname="tests.backend_test.TestCandidateProfile" name="test_put_profile_partial_keeps_incomplete" time="0.962" /><testcase classname="tests.backend_test.TestCandidateProfile" name="test_jobs_prioritisation_for_tech_candidate" time="1.156" /><testcase classname="tests.backend_test.TestCandidateProfile" name="test_anti_double_application" time="2.526" /><testcase classname="tests.backend_test.TestCandidateProfile" name="test_contracts_me_only_own" time="32.215" /><testcase classname="tests.backend_test.TestCandidateProfile" name="test_interviews_me_only_own" time="1.260" /></testsuite></testsuites>