<?xml version="1.0" encoding="utf-8"?><testsuites name="pytest tests"><testsuite name="pytest" errors="0" failures="0" skipped="0" tests="24" time="17.690" timestamp="2026-08-11T15:09:31.841288+00:00" hostname="agent-env-8e5587bd-b98d-4e15-abea-3637c48d358e"><testcase classname="tests.test_refactor_regression.TestAuth" name="test_captcha" time="0.553" /><testcase classname="tests.test_refactor_regression.TestAuth" name="test_admin_login_and_refresh" time="0.913" /><testcase classname="tests.test_refactor_regression.TestJobs" name="test_list_jobs_public" time="0.115" /><testcase classname="tests.test_refactor_regression.TestJobs" name="test_jobs_all_admin" time="0.062" /><testcase classname="tests.test_refactor_regression.TestJobs" name="test_job_crud" time="12.730" /><testcase classname="tests.test_refactor_regression.TestApplications" name="test_list_applications_admin" time="0.067" /><testcase classname="tests.test_refactor_regression.TestUsers" name="test_users_list" time="0.075" /><testcase classname="tests.test_refactor_regression.TestUsers" name="test_candidates_list" time="0.071" /><testcase classname="tests.test_refactor_regression.TestUsers" name="test_nationalities" time="0.062" /><testcase classname="tests.test_refactor_regression.TestChat" name="test_conversations_admin_only" time="0.145" /><testcase classname="tests.test_refactor_regression.TestChat" name="test_conversations_admin" time="0.072" /><testcase classname="tests.test_refactor_regression.TestChat" name="test_candidate_unread" time="1.052" /><testcase classname="tests.test_refactor_regression.TestChat" name="test_typing" time="0.083" /><testcase classname="tests.test_refactor_regression.TestChat" name="test_full_conv_flow_and_delete" time="0.827" /><testcase classname="tests.test_refactor_regression.TestCalls" name="test_recordings_admin" time="0.063" /><testcase classname="tests.test_refactor_regression.TestCalls" name="test_calls_incoming_admin" time="0.066" /><testcase classname="tests.test_refactor_regression.TestInterviews" name="test_interviews_admin" time="0.062" /><testcase classname="tests.test_refactor_regression.TestInterviews" name="test_interviews_me" time="0.078" /><testcase classname="tests.test_refactor_regression.TestContracts" name="test_contracts_admin" time="0.081" /><testcase classname="tests.test_refactor_regression.TestContracts" name="test_contracts_me" time="0.082" /><testcase classname="tests.test_refactor_regression.TestMisc" name="test_admin_stats" time="0.070" /><testcase classname="tests.test_refactor_regression.TestMisc" name="test_theme_public" time="0.125" /><testcase classname="tests.test_refactor_regression.TestMisc" name="test_notifications" time="0.077" /><testcase classname="tests.test_refactor_regression.TestMisc" name="test_ai_chat" time="0.073" /></testsuite></testsuites>